{
  "RSpec": {
    "coverage": {
      "/Users/eds/Projects/Makers/bank-tech-test/spec/bank_spec.rb": {
        "lines": [
          null,
          null,
          1,
          1,
          1,
          null,
          1,
          1,
          1,
          1,
          null,
          null,
          null,
          1,
          1,
          1,
          1,
          null,
          1,
          2,
          null,
          null,
          null,
          1,
          3,
          1,
          1,
          1,
          null,
          1,
          2,
          null,
          null,
          null,
          1,
          1,
          1,
          2,
          null,
          null,
          null,
          null,
          null,
          1,
          2,
          null,
          null,
          null,
          null,
          null,
          null,
          null,
          null,
          1,
          2,
          null,
          null,
          null,
          null,
          null,
          null,
          null
        ]
      },
      "/Users/eds/Projects/Makers/bank-tech-test/lib/bank.rb": {
        "lines": [
          null,
          null,
          1,
          null,
          1,
          null,
          null,
          1,
          1,
          null,
          1,
          8,
          8,
          null,
          null,
          1,
          4,
          null,
          3,
          3,
          3,
          null,
          null,
          1,
          3,
          null,
          2,
          2,
          2,
          null,
          null,
          1,
          4,
          4,
          null,
          null,
          1,
          3,
          null,
          2,
          null,
          null,
          1,
          null,
          1,
          null,
          1,
          7,
          null,
          null,
          1,
          5,
          null,
          null
        ]
      },
      "/Users/eds/Projects/Makers/bank-tech-test/lib/statement_printer.rb": {
        "lines": [
          null,
          1,
          1,
          7,
          7,
          null,
          null,
          1,
          4,
          4,
          null,
          null,
          1,
          null,
          1,
          7,
          7,
          18,
          18,
          18,
          18,
          null,
          7,
          null,
          null,
          1,
          4,
          null,
          null,
          1,
          18,
          null,
          null,
          1,
          18,
          null,
          null,
          1,
          18,
          null,
          null,
          1,
          18,
          null,
          null,
          1,
          25,
          7,
          null,
          null
        ]
      },
      "/Users/eds/Projects/Makers/bank-tech-test/spec/features/acceptance_spec.rb": {
        "lines": [
          1,
          null,
          1,
          null,
          1,
          1,
          1,
          1,
          1,
          1,
          1,
          1,
          1,
          2,
          null,
          null,
          null,
          null,
          null,
          null,
          null,
          null,
          null,
          null,
          null
        ]
      },
      "/Users/eds/Projects/Makers/bank-tech-test/spec/statement_printer_spec.rb": {
        "lines": [
          null,
          null,
          1,
          null,
          1,
          1,
          2,
          2,
          2,
          2,
          2,
          null,
          null,
          1,
          1,
          1,
          1,
          1,
          null,
          1,
          1,
          1,
          1,
          null,
          null,
          null
        ]
      }
    },
    "timestamp": 1618263077
  }
}
