{
  "RSpec": {
    "coverage": {
      "/Users/eds/Projects/Makers/bank-tech-test/spec/bank_spec.rb": {
        "lines": [
          null,
          null,
          1,
          1,
          1,
          null,
          1,
          1,
          1,
          1,
          null,
          null,
          null,
          1,
          1,
          1,
          1,
          null,
          1,
          2,
          null,
          null,
          null,
          1,
          3,
          1,
          1,
          1,
          null,
          1,
          2,
          null,
          null,
          null,
          1,
          1,
          1,
          2,
          null,
          null,
          null,
          null,
          null,
          1,
          2,
          null,
          null,
          null,
          null,
          null,
          null,
          null,
          null,
          1,
          2,
          null,
          null,
          null,
          null,
          null,
          null,
          null
        ]
      },
      "/Users/eds/Projects/Makers/bank-tech-test/lib/bank.rb": {
        "lines": [
          null,
          null,
          1,
          null,
          1,
          null,
          null,
          1,
          1,
          null,
          1,
          7,
          7,
          null,
          null,
          1,
          2,
          null,
          1,
          1,
          1,
          null,
          null,
          1,
          2,
          null,
          1,
          1,
          1,
          null,
          null,
          1,
          2,
          2,
          null,
          null,
          1,
          3,
          null,
          2,
          null,
          null,
          1,
          null,
          1,
          null,
          1,
          4,
          null,
          null,
          1,
          2,
          null,
          null
        ]
      },
      "/Users/eds/Projects/Makers/bank-tech-test/lib/statement_printer.rb": {
        "lines": [
          null,
          1,
          1,
          5,
          5,
          null,
          null,
          1,
          2,
          2,
          null,
          null,
          1,
          null,
          1,
          5,
          5,
          12,
          12,
          12,
          12,
          null,
          5,
          null,
          null,
          1,
          2,
          null,
          null,
          1,
          12,
          null,
          null,
          1,
          12,
          null,
          null,
          1,
          12,
          null,
          null,
          1,
          12,
          null,
          null,
          1,
          17,
          5,
          null,
          null
        ]
      },
      "/Users/eds/Projects/Makers/bank-tech-test/spec/statement_printer_spec.rb": {
        "lines": [
          null,
          null,
          1,
          null,
          1,
          1,
          2,
          2,
          2,
          2,
          2,
          null,
          null,
          1,
          1,
          1,
          1,
          1,
          null,
          1,
          1,
          1,
          1,
          null,
          null,
          null,
          null,
          null,
          null,
          null,
          null,
          null,
          null,
          null,
          null,
          null,
          null,
          null,
          null,
          null,
          null,
          null
        ]
      }
    },
    "timestamp": 1618260936
  }
}
